{"total": {"lines":{"total":1248,"covered":1081,"skipped":0,"pct":86.61},"statements":{"total":1248,"covered":1081,"skipped":0,"pct":86.61},"functions":{"total":58,"covered":49,"skipped":0,"pct":84.48},"branches":{"total":184,"covered":164,"skipped":0,"pct":89.13},"branchesTrue":{"total":0,"covered":0,"skipped":0,"pct":100}}
,"/Users/zhangk/workspace/Quantitative_trading/quant-trading-frontend/src/features/stock-picker/components/ConditionBuilder.tsx": {"lines":{"total":179,"covered":179,"skipped":0,"pct":100},"functions":{"total":13,"covered":13,"skipped":0,"pct":100},"statements":{"total":179,"covered":179,"skipped":0,"pct":100},"branches":{"total":27,"covered":26,"skipped":0,"pct":96.29}}
,"/Users/zhangk/workspace/Quantitative_trading/quant-trading-frontend/src/features/stock-picker/components/FactorScoringConfig.tsx": {"lines":{"total":60,"covered":58,"skipped":0,"pct":96.66},"functions":{"total":4,"covered":1,"skipped":0,"pct":25},"statements":{"total":60,"covered":58,"skipped":0,"pct":96.66},"branches":{"total":3,"covered":2,"skipped":0,"pct":66.66}}
,"/Users/zhangk/workspace/Quantitative_trading/quant-trading-frontend/src/features/stock-picker/components/FinancialFilter.tsx": {"lines":{"total":140,"covered":140,"skipped":0,"pct":100},"functions":{"total":9,"covered":9,"skipped":0,"pct":100},"statements":{"total":140,"covered":140,"skipped":0,"pct":100},"branches":{"total":34,"covered":31,"skipped":0,"pct":91.17}}
,"/Users/zhangk/workspace/Quantitative_trading/quant-trading-frontend/src/features/stock-picker/components/IndicatorFilter.tsx": {"lines":{"total":130,"covered":130,"skipped":0,"pct":100},"functions":{"total":9,"covered":9,"skipped":0,"pct":100},"statements":{"total":130,"covered":130,"skipped":0,"pct":100},"branches":{"total":29,"covered":24,"skipped":0,"pct":82.75}}
,"/Users/zhangk/workspace/Quantitative_trading/quant-trading-frontend/src/features/stock-picker/components/RangeSelector.tsx": {"lines":{"total":114,"covered":78,"skipped":0,"pct":68.42},"functions":{"total":6,"covered":1,"skipped":0,"pct":16.66},"statements":{"total":114,"covered":78,"skipped":0,"pct":68.42},"branches":{"total":7,"covered":4,"skipped":0,"pct":57.14}}
,"/Users/zhangk/workspace/Quantitative_trading/quant-trading-frontend/src/features/stock-picker/components/StockTable.tsx": {"lines":{"total":110,"covered":0,"skipped":0,"pct":0},"functions":{"total":1,"covered":0,"skipped":0,"pct":0},"statements":{"total":110,"covered":0,"skipped":0,"pct":0},"branches":{"total":1,"covered":0,"skipped":0,"pct":0}}
,"/Users/zhangk/workspace/Quantitative_trading/quant-trading-frontend/src/features/stock-picker/components/TechnicalFilter.tsx": {"lines":{"total":76,"covered":76,"skipped":0,"pct":100},"functions":{"total":9,"covered":9,"skipped":0,"pct":100},"statements":{"total":76,"covered":76,"skipped":0,"pct":100},"branches":{"total":21,"covered":21,"skipped":0,"pct":100}}
,"/Users/zhangk/workspace/Quantitative_trading/quant-trading-frontend/src/features/stock-picker/components/TechnicalIndicatorModal.tsx": {"lines":{"total":80,"covered":80,"skipped":0,"pct":100},"functions":{"total":3,"covered":3,"skipped":0,"pct":100},"statements":{"total":80,"covered":80,"skipped":0,"pct":100},"branches":{"total":8,"covered":8,"skipped":0,"pct":100}}
,"/Users/zhangk/workspace/Quantitative_trading/quant-trading-frontend/src/features/stock-picker/config/indicatorConfig.ts": {"lines":{"total":70,"covered":70,"skipped":0,"pct":100},"functions":{"total":0,"covered":0,"skipped":0,"pct":100},"statements":{"total":70,"covered":70,"skipped":0,"pct":100},"branches":{"total":0,"covered":0,"skipped":0,"pct":100}}
,"/Users/zhangk/workspace/Quantitative_trading/quant-trading-frontend/src/features/stock-picker/config/marketConfig.ts": {"lines":{"total":29,"covered":29,"skipped":0,"pct":100},"functions":{"total":0,"covered":0,"skipped":0,"pct":100},"statements":{"total":29,"covered":29,"skipped":0,"pct":100},"branches":{"total":0,"covered":0,"skipped":0,"pct":100}}
,"/Users/zhangk/workspace/Quantitative_trading/quant-trading-frontend/src/features/stock-picker/context/ScreenerContext.tsx": {"lines":{"total":220,"covered":201,"skipped":0,"pct":91.36},"functions":{"total":3,"covered":3,"skipped":0,"pct":100},"statements":{"total":220,"covered":201,"skipped":0,"pct":91.36},"branches":{"total":53,"covered":47,"skipped":0,"pct":88.67}}
,"/Users/zhangk/workspace/Quantitative_trading/quant-trading-frontend/src/features/stock-picker/types/filterTree.ts": {"lines":{"total":40,"covered":40,"skipped":0,"pct":100},"functions":{"total":1,"covered":1,"skipped":0,"pct":100},"statements":{"total":40,"covered":40,"skipped":0,"pct":100},"branches":{"total":1,"covered":1,"skipped":0,"pct":100}}
}
